
solving with different daming ...
loc st ev smooth damp= 0 0 0 2 2
 ----------------------------------------------------
  mode:
      1 = Simple damping;
   file list of G matrix, data and weighting=
  inv_Gd_list_wqsz_high.txt_joint.ori
   file name of smoothing operator=
  ../../block.160x106x25.1x1x1.1x1x1.smooth1th.dat
   # of inverted structure components
                     2
   # of station terms per measurement and weighting
                     1  0.000000000000000E+000
   # of event terms per measurement and weighting
                     1  0.000000000000000E+000
   # of location terms per measurement and weighting
                     3  0.000000000000000E+000
  dampping and smoothing
   2.00000000000000        2.00000000000000     
   kernel and measurement threshold
    5.000000000000000E-003   7.50000000000000     
   # of cmp, sta, evt, loc per data
                     2                     1                     1
                     3
   # of dat, mval, xval, size
       33940      848000      848838     1684138
   # of row, band, nel
     1684138       50537             408532029
 allocating variables ...
 lsqr_init ...
 lsqr_init: finished ...
 omit large rhs=  -7.644155    
 omit large rhs=  -9.148104    
 omit large rhs=  -8.694729    
 omit large rhs=  -8.936862    
 omit large rhs=  -8.541770    
 omit large rhs=  -8.861819    
 omit large rhs=  -8.610004    
 omit large rhs=  -7.614963    
 omit large rhs=  -8.292213    
 omit large rhs=  -7.581064    
 omit large rhs=  -8.007999    
 omit large rhs=  -7.710239    
 omit large rhs=  -7.884634    
 omit large rhs=  -7.923714    
 omit large rhs=  -7.846999    
 omit large rhs=  -8.351609    
 omit large rhs=  -8.904248    
 omit large rhs=  -8.784090    
 omit large rhs=  -8.574329    
 omit large rhs=  -7.529503    
 omit large rhs=  -7.587361    
 omit large rhs=  -7.922249    
 omit large rhs=  -8.122213    
 omit large rhs=  -9.040911    
 omit large rhs=  -9.074798    
 omit large rhs=  -7.501456    
 omit large rhs=  -9.035756    
 omit large rhs=  -8.007741    
 omit large rhs=  -8.823359    
 omit large rhs=  -8.501225    
 omit large rhs=  -8.750732    
 omit large rhs=  -8.135660    
 omit large rhs=  -8.612147    
 omit large rhs=  -8.819552    
 omit large rhs=  -7.775978    
 omit large rhs=  -7.618976    
 omit large rhs=  -7.888614    
 omit large rhs=  -8.970819    
 omit large rhs=  -8.882510    
 omit large rhs=  -7.742520    
 omit large rhs=  -8.951847    
 omit large rhs=  -8.733466    
 omit large rhs=  -8.368479    
 omit large rhs=  -8.577464    
 omit large rhs=  -8.542505    
 omit large rhs=  -8.251667    
 omit large rhs=  -8.590253    
 omit large rhs=  -7.707141    
 omit large rhs=  -7.633251    
     rhs_min,rhs_max
  -7.481022      0.7054990    
     rhs_min_weig,rhs_max_weig
  -31.53858       2.303512    
   ---- data, station and event ----
     max_row,mrow=               1684138                 33891
     max_nel,nel=             408532029             403779319
   ---- data, station and event + dampping ----
     max_row,mrow=               1684138                882729
     max_nel,nel=             408532029             404628157
   ---- data, station and event + dampping + smoothing ----
     max_row,mrow=               1684138               1684089
     max_nel,nel=             408532029             407833597
     begin solving
                848838               1684089             407833597
iter., test1,test2:        256    1684089     848838  407833597   0.3449D-03   0.8480D-07   0.1953D+02
     finish solving
     exporting ...
     evaluating (writing summary) ...
 omit large rhs=  -7.644155    
 omit large rhs=  -9.148104    
 omit large rhs=  -8.694729    
 omit large rhs=  -8.936862    
 omit large rhs=  -8.541770    
 omit large rhs=  -8.861819    
 omit large rhs=  -8.610004    
 omit large rhs=  -7.614963    
 omit large rhs=  -8.292213    
 omit large rhs=  -7.581064    
 omit large rhs=  -8.007999    
 omit large rhs=  -7.710239    
 omit large rhs=  -7.884634    
 omit large rhs=  -7.923714    
 omit large rhs=  -7.846999    
 omit large rhs=  -8.351609    
 omit large rhs=  -8.904248    
 omit large rhs=  -8.784090    
 omit large rhs=  -8.574329    
 omit large rhs=  -7.529503    
 omit large rhs=  -7.587361    
 omit large rhs=  -7.922249    
 omit large rhs=  -8.122213    
 omit large rhs=  -9.040911    
 omit large rhs=  -9.074798    
 omit large rhs=  -7.501456    
 omit large rhs=  -9.035756    
 omit large rhs=  -8.007741    
 omit large rhs=  -8.823359    
 omit large rhs=  -8.501225    
 omit large rhs=  -8.750732    
 omit large rhs=  -8.135660    
 omit large rhs=  -8.612147    
 omit large rhs=  -8.819552    
 omit large rhs=  -7.775978    
 omit large rhs=  -7.618976    
 omit large rhs=  -7.888614    
 omit large rhs=  -8.970819    
 omit large rhs=  -8.882510    
 omit large rhs=  -7.742520    
 omit large rhs=  -8.951847    
 omit large rhs=  -8.733466    
 omit large rhs=  -8.368479    
 omit large rhs=  -8.577464    
 omit large rhs=  -8.542505    
 omit large rhs=  -8.251667    
 omit large rhs=  -8.590253    
 omit large rhs=  -7.707141    
 omit large rhs=  -7.633251    
 damping, smoothing, data_var_reduc, model_norm
   2.00000000000000        2.00000000000000        99.9929190461349     
  9.411933692188863E-003
 
     ending ...
 ----------------------------------------------------

real	6m11.773s
user	4m29.488s
sys	1m42.255s
